Running: D:\ISE\14.7\ISE_DS\ISE\bin\nt64\unwrapped\fuse.exe -intstyle ise -incremental -lib unisims_ver -lib unimacro_ver -lib xilinxcorelib_ver -o D:/Computer Organization/BUAA_CO/P4/tb_isim_beh.exe -prj D:/Computer Organization/BUAA_CO/P4/tb_beh.prj work.tb work.glbl 
ISim P.20131013 (signature 0x7708f090)
Number of CPUs detected in this system: 12
Turning on mult-threading, number of parallel sub-compilation jobs: 24 
Determining compilation order of HDL files
Analyzing Verilog file "D:/Computer Organization/BUAA_CO/P4/pc.v" into library work
Analyzing Verilog file "D:/Computer Organization/BUAA_CO/P4/im.v" into library work
Analyzing Verilog file "D:/Computer Organization/BUAA_CO/P4/ifu.v" into library work
Analyzing Verilog file "D:/Computer Organization/BUAA_CO/P4/grf.v" into library work
Analyzing Verilog file "D:/Computer Organization/BUAA_CO/P4/ext.v" into library work
Analyzing Verilog file "D:/Computer Organization/BUAA_CO/P4/dm.v" into library work
Analyzing Verilog file "D:/Computer Organization/BUAA_CO/P4/controller.v" into library work
Analyzing Verilog file "D:/Computer Organization/BUAA_CO/P4/alu.v" into library work
Analyzing Verilog file "D:/Computer Organization/BUAA_CO/P4/Main.v" into library work
Analyzing Verilog file "D:/Computer Organization/BUAA_CO/P4/tb.v" into library work
Analyzing Verilog file "D:/ISE/14.7/ISE_DS/ISE//verilog/src/glbl.v" into library work
Starting static elaboration
Completed static elaboration
Compiling module controller
Compiling module alu
Compiling module pc
Compiling module im
Compiling module ifu
Compiling module grf
Compiling module ext
Compiling module dm
Compiling module Main
Compiling module tb
Compiling module glbl
Time Resolution for simulation is 1ps.
WARNING:Simulator - Unable to copy libPortabilityNOSH.dll to the simulation executable directory: boost::filesystem::copy_file: 系统找不到指定的路径。, "isim\tb_isim_beh.exe.sim\libPortability.dll".
Compiled 11 Verilog Units
Built simulation executable D:/Computer Organization/BUAA_CO/P4/tb_isim_beh.exe
Fuse Memory Usage: 29292 KB
Fuse CPU Usage: 733 ms
